04/27/2018 07:23:10 PM =========== app launched ========
04/27/2018 07:23:10 PM ### Setup Notification Listener
04/27/2018 07:23:13 PM Start main
04/27/2018 07:23:13 PM ### Initialize Camera
04/27/2018 07:23:13 PM cameraInitialize: for (1) motion detection, and (2) circularIO recording
04/27/2018 07:23:13 PM motion just detected
04/27/2018 07:23:13 PM push image...
04/27/2018 07:23:14 PM push image data :
04/27/2018 07:23:21 PM convert from h264 to mp4...
04/27/2018 07:23:28 PM motion just detected
04/27/2018 07:23:28 PM push image...
04/27/2018 07:23:29 PM push image data :
04/27/2018 07:23:36 PM convert from h264 to mp4...
04/27/2018 07:23:40 PM motion just detected
04/27/2018 07:23:40 PM push image...
04/27/2018 07:23:40 PM push image data :
04/27/2018 07:23:47 PM convert from h264 to mp4...
04/27/2018 07:24:04 PM motion just detected
04/27/2018 07:24:04 PM push image...
04/27/2018 07:24:05 PM push image data :
04/27/2018 07:24:12 PM convert from h264 to mp4...
04/27/2018 07:24:19 PM motion just detected
04/27/2018 07:24:19 PM push image...
04/27/2018 07:24:20 PM push image data :
04/27/2018 07:24:27 PM convert from h264 to mp4...
04/27/2018 07:31:47 PM =========== app launched ========
04/27/2018 07:31:47 PM ### Setup Notification Listener
04/27/2018 07:31:52 PM Start main
04/27/2018 07:31:52 PM ### Initialize Camera
04/27/2018 07:31:52 PM cameraInitialize: for (1) motion detection, and (2) circularIO recording
04/27/2018 07:32:10 PM motion just detected
04/27/2018 07:32:10 PM push image...
04/27/2018 07:32:10 PM push image data :
04/27/2018 07:32:17 PM convert from h264 to mp4...
04/27/2018 07:32:19 PM motion just detected
04/27/2018 07:32:19 PM push image...
04/27/2018 07:32:19 PM push image data :
04/27/2018 07:32:26 PM convert from h264 to mp4...
04/27/2018 07:32:30 PM motion just detected
04/27/2018 07:32:30 PM push image...
04/27/2018 07:32:31 PM push image data :
04/27/2018 07:32:38 PM convert from h264 to mp4...
04/27/2018 07:32:40 PM motion just detected
04/27/2018 07:32:40 PM push image...
04/27/2018 07:32:41 PM push image data :
04/27/2018 07:32:48 PM convert from h264 to mp4...
04/27/2018 07:32:55 PM motion just detected
04/27/2018 07:32:55 PM push image...
04/27/2018 07:32:55 PM push image data :
04/27/2018 07:33:03 PM convert from h264 to mp4...
